<?xml version="1.0" encoding="UTF-8"?>
<!-- Generated by org.testng.reporters.JUnitReportReporter -->
<testsuite skipped="0" hostname="MVITECH-KIP66I" name="com.qa.restassured.LoadUser" tests="1" failures="0" timestamp="08 Dec 2019 19:05:08 GMT" time="2.919" errors="0">
  <testcase name="postReq" time="2.919" classname="com.qa.restassured.LoadUser"/>
</testsuite> <!-- com.qa.restassured.LoadUser -->
